{"ts":1758337755873,"action":"PROJECT_OPENED","tags":{"PROJECT_NAME":"Vanction-Langauege"}}
{"ts":1758337960715,"action":"IDE_DEACTIVATED"}
{"ts":1758337964285,"action":"IDE_ACTIVATED"}
{"ts":1758337969570,"action":"IDE_DEACTIVATED"}
{"ts":1758338170183,"action":"IDE_ACTIVATED"}
{"ts":1758338201689,"action":"IDE_DEACTIVATED"}
{"ts":1758339075344,"action":"IDE_ACTIVATED"}
{"ts":1758339076019,"action":"IDE_DEACTIVATED"}
{"ts":1758339102246,"action":"IDE_ACTIVATED"}
{"ts":1758339103371,"action":"IDE_DEACTIVATED"}
{"ts":1758342018870,"action":"IDE_ACTIVATED"}
{"ts":1758342019271,"action":"IDE_DEACTIVATED"}
{"ts":1758342874501,"action":"IDE_ACTIVATED"}
{"ts":1758342901321,"action":"IDE_DEACTIVATED"}
{"ts":1758342934353,"action":"IDE_ACTIVATED"}
{"ts":1758342966457,"action":"IDE_DEACTIVATED"}
{"ts":1758342968483,"action":"IDE_ACTIVATED"}
{"ts":1758342972843,"action":"IDE_DEACTIVATED"}
{"ts":1758343052286,"action":"IDE_ACTIVATED"}
{"ts":1758343056797,"action":"PROJECT_CLOSED","tags":{"PROJECT_NAME":"Vanction-Langauege"}}
{"ts":1758343988699,"action":"PROJECT_OPENED","tags":{"PROJECT_NAME":"Vanction-Langauege"}}
{"ts":1758343996310,"action":"IDE_DEACTIVATED"}
{"ts":1758344012322,"action":"IDE_ACTIVATED"}
{"ts":1758344025549,"action":"IDE_DEACTIVATED"}
{"ts":1758344034288,"action":"IDE_ACTIVATED"}
{"ts":1758344040498,"action":"IDE_DEACTIVATED"}
{"ts":1758344041775,"action":"IDE_ACTIVATED"}
{"ts":1758344042686,"action":"IDE_DEACTIVATED"}
{"ts":1758344043468,"action":"IDE_ACTIVATED"}
{"ts":1758344044854,"action":"IDE_DEACTIVATED"}
{"ts":1758344069461,"action":"IDE_ACTIVATED"}
{"ts":1758344071572,"action":"IDE_DEACTIVATED"}
{"ts":1758344183981,"action":"IDE_ACTIVATED"}
{"ts":1758344189026,"action":"FILE_OPENED","file":"/interpreter.py","tags":{"FILE_LINE_OF_CODE":"322"}}
{"ts":1758344193274,"action":"IDE_DEACTIVATED"}
{"ts":1758344249931,"action":"IDE_ACTIVATED"}
{"ts":1758344255101,"action":"IDE_DEACTIVATED"}
{"ts":1758346867635,"action":"IDE_ACTIVATED"}
{"ts":1758346906366,"action":"IDE_DEACTIVATED"}
{"ts":1758353109444,"action":"IDE_ACTIVATED"}
{"ts":1758353163097,"action":"IDE_DEACTIVATED"}
{"ts":1758363019459,"action":"IDE_ACTIVATED"}
{"ts":1758363043005,"action":"FILE_CLOSED","file":"/interpreter.py","tags":{"FILE_LINE_OF_CODE":"455"}}
{"ts":1758363043005,"action":"FILE_OPENED","file":"/test_function_error.va","tags":{"FILE_LINE_OF_CODE":"0"}}
{"ts":1758363045032,"action":"FILE_OPENED","file":"/interpreter.py","tags":{"FILE_LINE_OF_CODE":"455"}}
{"ts":1758363048001,"action":"FILE_CLOSED","file":"/interpreter.py","tags":{"FILE_LINE_OF_CODE":"455"}}
{"ts":1758363048001,"action":"FILE_OPENED","file":"/examples/control_flow.va","tags":{"FILE_LINE_OF_CODE":"0"}}
{"ts":1758363049642,"action":"FILE_CLOSED","file":"/examples/control_flow.va","tags":{"FILE_LINE_OF_CODE":"0"}}
{"ts":1758363049643,"action":"FILE_OPENED","file":"/interpreter.py","tags":{"FILE_LINE_OF_CODE":"455"}}
{"ts":1758363058024,"action":"IDE_DEACTIVATED"}
{"ts":1758363219724,"action":"IDE_ACTIVATED"}
{"ts":1758363226719,"action":"FILE_CLOSED","file":"/interpreter.py","tags":{"FILE_LINE_OF_CODE":"459"}}
{"ts":1758363226719,"action":"FILE_OPENED","file":"/vanction.py","tags":{"FILE_LINE_OF_CODE":"139"}}
{"ts":1758363263584,"action":"IDE_DEACTIVATED"}
{"ts":1758363364566,"action":"IDE_ACTIVATED"}
{"ts":1758363365993,"action":"IDE_DEACTIVATED"}
{"ts":1758363367317,"action":"IDE_ACTIVATED"}
{"ts":1758363367882,"action":"IDE_DEACTIVATED"}
{"ts":1758366720177,"action":"IDE_ACTIVATED"}
{"ts":1758366724501,"action":"IDE_DEACTIVATED"}
{"ts":1758368241031,"action":"IDE_ACTIVATED"}
{"ts":1758368241468,"action":"IDE_DEACTIVATED"}
{"ts":1758369346586,"action":"IDE_ACTIVATED"}
{"ts":1758369349475,"action":"IDE_DEACTIVATED"}
{"ts":1758369405201,"action":"IDE_ACTIVATED"}
{"ts":1758369406640,"action":"IDE_DEACTIVATED"}
{"ts":1758374777196,"action":"IDE_ACTIVATED"}
{"ts":1758374777608,"action":"IDE_DEACTIVATED"}
{"ts":1758375036391,"action":"IDE_ACTIVATED"}
{"ts":1758375040254,"action":"IDE_DEACTIVATED"}
{"ts":1758375610451,"action":"IDE_ACTIVATED"}
{"ts":1758375612344,"action":"IDE_DEACTIVATED"}
{"ts":1758377262253,"action":"IDE_ACTIVATED"}
{"ts":1758377262630,"action":"IDE_DEACTIVATED"}
{"ts":1758379602178,"action":"IDE_ACTIVATED"}
{"ts":1758379606804,"action":"PROJECT_CLOSED","tags":{"PROJECT_NAME":"Vanction-Langauege"}}
{"ts":1758379625799,"action":"FILE_OPENED","file":"/vanction.py","tags":{"FILE_LINE_OF_CODE":"136"}}
{"ts":1758379626150,"action":"PROJECT_OPENED","tags":{"PROJECT_NAME":"Vanction-Langauege"}}
{"ts":1758381372225,"action":"IDE_ACTIVATED"}
{"ts":1758381374751,"action":"FILE_CLOSED","file":"/vanction.py","tags":{"FILE_LINE_OF_CODE":"136"}}
{"ts":1758381374751,"action":"FILE_OPENED","file":"/README.md","tags":{"FILE_LINE_OF_CODE":"179"}}
{"ts":1758381376767,"action":"FILE_CLOSED","file":"/README.md","tags":{"FILE_LINE_OF_CODE":"179"}}
{"ts":1758381376767,"action":"FILE_OPENED","file":"/doc/vanction_tutorial.md","tags":{"FILE_LINE_OF_CODE":"333"}}
{"ts":1758381378999,"action":"IDE_DEACTIVATED"}
{"ts":1758381605568,"action":"IDE_ACTIVATED"}
{"ts":1758381611431,"action":"FILE_CLOSED","file":"/doc/vanction_tutorial.md","tags":{"FILE_LINE_OF_CODE":"333"}}
{"ts":1758381611431,"action":"FILE_OPENED","file":"/test_else_if_final.va","tags":{"FILE_LINE_OF_CODE":"11"}}
{"ts":1758381627136,"action":"IDE_DEACTIVATED"}
{"ts":1758381630765,"action":"IDE_ACTIVATED"}
{"ts":1758381634400,"action":"IDE_DEACTIVATED"}
{"ts":1758381637060,"action":"IDE_ACTIVATED"}
{"ts":1758381649945,"action":"IDE_DEACTIVATED"}
{"ts":1758381763923,"action":"IDE_ACTIVATED"}
{"ts":1758381765791,"action":"IDE_DEACTIVATED"}
{"ts":1758381770339,"action":"IDE_ACTIVATED"}
{"ts":1758381771618,"action":"IDE_DEACTIVATED"}
{"ts":1758381825051,"action":"IDE_ACTIVATED"}
{"ts":1758381873289,"action":"IDE_DEACTIVATED"}
{"ts":1758381874934,"action":"IDE_ACTIVATED"}
{"ts":1758381875436,"action":"IDE_DEACTIVATED"}
{"ts":1758381876194,"action":"IDE_ACTIVATED"}
{"ts":1758381877059,"action":"IDE_DEACTIVATED"}
{"ts":1758381925929,"action":"IDE_ACTIVATED"}
{"ts":1758381931968,"action":"FILE_CLOSED","file":"/test_else_if_final.va","tags":{"FILE_LINE_OF_CODE":"11"}}
{"ts":1758381931968,"action":"FILE_OPENED","file":"/.gitignore","tags":{"FILE_LINE_OF_CODE":"0"}}
{"ts":1758381947731,"action":"IDE_DEACTIVATED"}
{"ts":1758381949581,"action":"IDE_ACTIVATED"}
{"ts":1758381950552,"action":"IDE_DEACTIVATED"}
{"ts":1758381992073,"action":"IDE_ACTIVATED"}
{"ts":1758381998841,"action":"FILE_CLOSED","file":"/.gitignore","tags":{"FILE_LINE_OF_CODE":"2"}}
{"ts":1758381998841,"action":"FILE_OPENED","file":"/LANGUAGE_STATUS.md","tags":{"FILE_LINE_OF_CODE":"67"}}
{"ts":1758382002141,"action":"FILE_OPENED","file":"/.gitignore","tags":{"FILE_LINE_OF_CODE":"2"}}
{"ts":1758382003418,"action":"FILE_CLOSED","file":"/.gitignore","tags":{"FILE_LINE_OF_CODE":"2"}}
{"ts":1758382003419,"action":"FILE_OPENED","file":"/test_else_if_final.va","tags":{"FILE_LINE_OF_CODE":"11"}}
{"ts":1758382007298,"action":"FILE_CLOSED","file":"/test_else_if_final.va","tags":{"FILE_LINE_OF_CODE":"11"}}
{"ts":1758382007298,"action":"FILE_OPENED","file":"/test_current_features.va","tags":{"FILE_LINE_OF_CODE":"27"}}
{"ts":1758382009734,"action":"FILE_OPENED","file":"/vanction.py","tags":{"FILE_LINE_OF_CODE":"136"}}
{"ts":1758382010811,"action":"FILE_CLOSED","file":"/vanction.py","tags":{"FILE_LINE_OF_CODE":"136"}}
{"ts":1758382010812,"action":"FILE_OPENED","file":"/sda.va","tags":{"FILE_LINE_OF_CODE":"4"}}
{"ts":1758382032593,"action":"FILE_CLOSED","file":"/sda.va","tags":{"FILE_LINE_OF_CODE":"4"}}
{"ts":1758382032593,"action":"FILE_OPENED","file":"/vanction.py","tags":{"FILE_LINE_OF_CODE":"136"}}
{"ts":1758382033164,"action":"FILE_CLOSED","file":"/vanction.py","tags":{"FILE_LINE_OF_CODE":"136"}}
{"ts":1758382033164,"action":"FILE_OPENED","file":"/.gitignore","tags":{"FILE_LINE_OF_CODE":"2"}}
{"ts":1758382041230,"action":"FILE_CLOSED","file":"/.gitignore","tags":{"FILE_LINE_OF_CODE":"1"}}
{"ts":1758382041230,"action":"FILE_OPENED","file":"/README.md","tags":{"FILE_LINE_OF_CODE":"179"}}
{"ts":1758382056162,"action":"IDE_DEACTIVATED"}
{"ts":1758382090424,"action":"IDE_ACTIVATED"}
{"ts":1758382093730,"action":"FILE_CLOSED","file":"/README.md","tags":{"FILE_LINE_OF_CODE":"179"}}
{"ts":1758382093730,"action":"FILE_OPENED","file":"/LICENSE","tags":{"FILE_LINE_OF_CODE":"0"}}
{"ts":1758382127950,"action":"FILE_CLOSED","file":"/LICENSE","tags":{"FILE_LINE_OF_CODE":"0"}}
{"ts":1758382127950,"action":"FILE_OPENED","file":"/README.md","tags":{"FILE_LINE_OF_CODE":"179"}}
{"ts":1758382129289,"action":"FILE_CLOSED","file":"/README.md","tags":{"FILE_LINE_OF_CODE":"179"}}
{"ts":1758382129289,"action":"FILE_OPENED","file":"/LICENSE","tags":{"FILE_LINE_OF_CODE":"0"}}
{"ts":1758382130950,"action":"FILE_OPENED","file":"/README.md","tags":{"FILE_LINE_OF_CODE":"179"}}
{"ts":1758382140392,"action":"FILE_CLOSED","file":"/README.md","tags":{"FILE_LINE_OF_CODE":"179"}}
{"ts":1758382140392,"action":"FILE_OPENED","file":"/LICENSE.txt","tags":{"FILE_LINE_OF_CODE":"22"}}
{"ts":1758382180540,"action":"IDE_DEACTIVATED"}
{"ts":1758382180546,"action":"IDE_ACTIVATED"}
{"ts":1758382180549,"action":"IDE_DEACTIVATED"}
{"ts":1758382180552,"action":"IDE_ACTIVATED"}
{"ts":1758382180556,"action":"IDE_DEACTIVATED"}
{"ts":1758382180560,"action":"IDE_ACTIVATED"}
{"ts":1758382180562,"action":"IDE_DEACTIVATED"}
{"ts":1758382180566,"action":"IDE_ACTIVATED"}
{"ts":1758382180569,"action":"IDE_DEACTIVATED"}
{"ts":1758382180814,"action":"IDE_ACTIVATED"}
{"ts":1758382184757,"action":"IDE_DEACTIVATED"}
{"ts":1758382185391,"action":"IDE_ACTIVATED"}
{"ts":1758382193248,"action":"FILE_CLOSED","file":"/LICENSE.txt","tags":{"FILE_LINE_OF_CODE":"22"}}
{"ts":1758382193248,"action":"FILE_OPENED","file":"/README.md","tags":{"FILE_LINE_OF_CODE":"179"}}
{"ts":1758382320349,"action":"FILE_CLOSED","file":"/README.md","tags":{"FILE_LINE_OF_CODE":"141"}}
{"ts":1758382365614,"action":"FILE_OPENED","file":"/README.md","tags":{"FILE_LINE_OF_CODE":"141"}}
{"ts":1758382369329,"action":"FILE_CLOSED","file":"/README.md","tags":{"FILE_LINE_OF_CODE":"141"}}
{"ts":1758382372453,"action":"FILE_OPENED","file":"/README.md","tags":{"FILE_LINE_OF_CODE":"141"}}
{"ts":1758382372675,"action":"FILE_CLOSED","file":"/README.md","tags":{"FILE_LINE_OF_CODE":"141"}}
{"ts":1758382372675,"action":"FILE_OPENED","file":"/sds.va","tags":{"FILE_LINE_OF_CODE":"27"}}
{"ts":1758382372924,"action":"FILE_CLOSED","file":"/sds.va","tags":{"FILE_LINE_OF_CODE":"27"}}
{"ts":1758382391908,"action":"FILE_OPENED","file":"/sds.va","tags":{"FILE_LINE_OF_CODE":"27"}}
{"ts":1758382393228,"action":"FILE_CLOSED","file":"/sds.va","tags":{"FILE_LINE_OF_CODE":"27"}}
{"ts":1758382393228,"action":"FILE_OPENED","file":"/doc/vanction_tutorial.md","tags":{"FILE_LINE_OF_CODE":"333"}}
{"ts":1758382469884,"action":"FILE_CLOSED","file":"/doc/vanction_tutorial.md","tags":{"FILE_LINE_OF_CODE":"333"}}
{"ts":1758382469884,"action":"FILE_OPENED","file":"/sds.va","tags":{"FILE_LINE_OF_CODE":"27"}}
{"ts":1758382586673,"action":"IDE_DEACTIVATED"}
{"ts":1758382588002,"action":"IDE_ACTIVATED"}
{"ts":1758382598339,"action":"FILE_CLOSED","file":"/sds.va","tags":{"FILE_LINE_OF_CODE":"27"}}
{"ts":1758382598339,"action":"FILE_OPENED","file":"/README.md","tags":{"FILE_LINE_OF_CODE":"141"}}
{"ts":1758382611094,"action":"FILE_CLOSED","file":"/README.md","tags":{"FILE_LINE_OF_CODE":"141"}}
{"ts":1758382611094,"action":"FILE_OPENED","file":"/.gitignore","tags":{"FILE_LINE_OF_CODE":"1"}}
{"ts":1758382611814,"action":"FILE_CLOSED","file":"/.gitignore","tags":{"FILE_LINE_OF_CODE":"1"}}
{"ts":1758382611814,"action":"FILE_OPENED","file":"/doc/vanction_tutorial.md","tags":{"FILE_LINE_OF_CODE":"333"}}
{"ts":1758382613510,"action":"FILE_CLOSED","file":"/doc/vanction_tutorial.md","tags":{"FILE_LINE_OF_CODE":"333"}}
{"ts":1758382613510,"action":"FILE_OPENED","file":"/.gitignore","tags":{"FILE_LINE_OF_CODE":"1"}}
{"ts":1758382616102,"action":"FILE_CLOSED","file":"/.gitignore","tags":{"FILE_LINE_OF_CODE":"1"}}
{"ts":1758382616102,"action":"FILE_OPENED","file":"/README.md","tags":{"FILE_LINE_OF_CODE":"141"}}
{"ts":1758382631502,"action":"IDE_DEACTIVATED"}
{"ts":1758382714581,"action":"IDE_ACTIVATED"}
{"ts":1758382744038,"action":"IDE_DEACTIVATED"}
{"ts":1758382746846,"action":"IDE_ACTIVATED"}
{"ts":1758382747369,"action":"IDE_DEACTIVATED"}
{"ts":1758382773611,"action":"IDE_ACTIVATED"}
{"ts":1758382778211,"action":"IDE_DEACTIVATED"}
{"ts":1758382786810,"action":"IDE_ACTIVATED"}
{"ts":1758382851635,"action":"FILE_CLOSED","file":"/README.md","tags":{"FILE_LINE_OF_CODE":"141"}}
{"ts":1758382851635,"action":"FILE_OPENED","file":"/sds.va","tags":{"FILE_LINE_OF_CODE":"27"}}
{"ts":1758382879641,"action":"FILE_OPENED","file":"/README.md","tags":{"FILE_LINE_OF_CODE":"141"}}
{"ts":1758382880345,"action":"FILE_CLOSED","file":"/README.md","tags":{"FILE_LINE_OF_CODE":"141"}}
{"ts":1758382880345,"action":"FILE_OPENED","file":"/vanction.py","tags":{"FILE_LINE_OF_CODE":"136"}}
{"ts":1758382882342,"action":"FILE_CLOSED","file":"/vanction.py","tags":{"FILE_LINE_OF_CODE":"136"}}
{"ts":1758382882342,"action":"FILE_OPENED","file":"/.gitignore","tags":{"FILE_LINE_OF_CODE":"1"}}
{"ts":1758382894083,"action":"IDE_DEACTIVATED"}
{"ts":1758382910971,"action":"IDE_ACTIVATED"}
{"ts":1758382921554,"action":"FILE_CLOSED","file":"/.gitignore","tags":{"FILE_LINE_OF_CODE":"5"}}
{"ts":1758382921554,"action":"FILE_OPENED","file":"/vanction.py","tags":{"FILE_LINE_OF_CODE":"136"}}
